[ 2018-07-09T00:00:40+08:00 ] 61.242.42.225 /tp3.2/tp3.2/index.php/index
INFO: [ route_check ] --START--
INFO: CheckRoute Behavior ::run [ RunTime:0.000843s ]
INFO: [ route_check ] --END-- [ RunTime:0.001060s ]
INFO: [ app_begin ] --START--
INFO: ReadHtmlCache Behavior ::run [ RunTime:0.000599s ]
INFO: [ app_begin ] --END-- [ RunTime:0.000676s ]
SQL: SHOW COLUMNS FROM `qcb_index` [ RunTime:0.000863s ]
ERR: 1146:Table 'qdm161234405_db.qcb_index' doesn't exist
 [ SQL语句 ] : SHOW COLUMNS FROM `qcb_index`
SQL: SHOW COLUMNS FROM `qcb_test` [ RunTime:0.000728s ]
SQL: SELECT * FROM `qcb_test`  [ RunTime:0.000594s ]

[ 2018-07-09T00:00:43+08:00 ] 119.136.113.30 /tp3.2/tp3.2/index.php/index
INFO: [ route_check ] --START--
INFO: CheckRoute Behavior ::run [ RunTime:0.000941s ]
INFO: [ route_check ] --END-- [ RunTime:0.001167s ]
INFO: [ app_begin ] --START--
INFO: ReadHtmlCache Behavior ::run [ RunTime:0.000592s ]
INFO: [ app_begin ] --END-- [ RunTime:0.000665s ]
SQL: SHOW COLUMNS FROM `qcb_index` [ RunTime:0.000881s ]
ERR: 1146:Table 'qdm161234405_db.qcb_index' doesn't exist
 [ SQL语句 ] : SHOW COLUMNS FROM `qcb_index`
SQL: SHOW COLUMNS FROM `qcb_test` [ RunTime:0.000835s ]
SQL: SELECT * FROM `qcb_test`  [ RunTime:0.000555s ]

[ 2018-07-09T00:00:46+08:00 ] 119.136.113.30 /tp3.2/tp3.2/index.php/index
INFO: [ route_check ] --START--
INFO: CheckRoute Behavior ::run [ RunTime:0.001283s ]
INFO: [ route_check ] --END-- [ RunTime:0.001537s ]
INFO: [ app_begin ] --START--
INFO: ReadHtmlCache Behavior ::run [ RunTime:0.000967s ]
INFO: [ app_begin ] --END-- [ RunTime:0.001099s ]
SQL: SHOW COLUMNS FROM `qcb_index` [ RunTime:0.000845s ]
ERR: 1146:Table 'qdm161234405_db.qcb_index' doesn't exist
 [ SQL语句 ] : SHOW COLUMNS FROM `qcb_index`
SQL: SHOW COLUMNS FROM `qcb_test` [ RunTime:0.000756s ]
SQL: SELECT * FROM `qcb_test`  [ RunTime:0.000590s ]

[ 2018-07-09T00:00:48+08:00 ] 119.136.113.30 /tp3.2/tp3.2/index.php/index
INFO: [ route_check ] --START--
INFO: CheckRoute Behavior ::run [ RunTime:0.000814s ]
INFO: [ route_check ] --END-- [ RunTime:0.000996s ]
INFO: [ app_begin ] --START--
INFO: ReadHtmlCache Behavior ::run [ RunTime:0.000585s ]
INFO: [ app_begin ] --END-- [ RunTime:0.000663s ]
SQL: SHOW COLUMNS FROM `qcb_index` [ RunTime:0.001043s ]
ERR: 1146:Table 'qdm161234405_db.qcb_index' doesn't exist
 [ SQL语句 ] : SHOW COLUMNS FROM `qcb_index`
SQL: SHOW COLUMNS FROM `qcb_test` [ RunTime:0.002713s ]
SQL: SELECT * FROM `qcb_test`  [ RunTime:0.000550s ]

[ 2018-07-09T00:00:52+08:00 ] 119.136.113.30 /tp3.2/tp3.2/index.php/index
INFO: [ route_check ] --START--
INFO: CheckRoute Behavior ::run [ RunTime:0.000829s ]
INFO: [ route_check ] --END-- [ RunTime:0.001008s ]
INFO: [ app_begin ] --START--
INFO: ReadHtmlCache Behavior ::run [ RunTime:0.000612s ]
INFO: [ app_begin ] --END-- [ RunTime:0.000698s ]
SQL: SHOW COLUMNS FROM `qcb_index` [ RunTime:0.000916s ]
ERR: 1146:Table 'qdm161234405_db.qcb_index' doesn't exist
 [ SQL语句 ] : SHOW COLUMNS FROM `qcb_index`
SQL: SHOW COLUMNS FROM `qcb_test` [ RunTime:0.000887s ]
SQL: SELECT * FROM `qcb_test`  [ RunTime:0.000628s ]

[ 2018-07-09T00:01:56+08:00 ] 61.242.42.225 /tp3.2/tp3.2/index.php/index
INFO: [ route_check ] --START--
INFO: CheckRoute Behavior ::run [ RunTime:0.000803s ]
INFO: [ route_check ] --END-- [ RunTime:0.000957s ]
INFO: [ app_begin ] --START--
INFO: ReadHtmlCache Behavior ::run [ RunTime:0.000557s ]
INFO: [ app_begin ] --END-- [ RunTime:0.000654s ]
SQL: SHOW COLUMNS FROM `qcb_index` [ RunTime:0.000893s ]
ERR: 1146:Table 'qdm161234405_db.qcb_index' doesn't exist
 [ SQL语句 ] : SHOW COLUMNS FROM `qcb_index`
SQL: SHOW COLUMNS FROM `qcb_test` [ RunTime:0.001033s ]
SQL: SELECT * FROM `qcb_test`  [ RunTime:0.000564s ]

[ 2018-07-09T00:02:15+08:00 ] 119.136.113.30 /tp3.2/tp3.2/index.php/index
INFO: [ route_check ] --START--
INFO: CheckRoute Behavior ::run [ RunTime:0.000799s ]
INFO: [ route_check ] --END-- [ RunTime:0.000948s ]
INFO: [ app_begin ] --START--
INFO: ReadHtmlCache Behavior ::run [ RunTime:0.000569s ]
INFO: [ app_begin ] --END-- [ RunTime:0.000640s ]
SQL: SHOW COLUMNS FROM `qcb_index` [ RunTime:0.000853s ]
ERR: 1146:Table 'qdm161234405_db.qcb_index' doesn't exist
 [ SQL语句 ] : SHOW COLUMNS FROM `qcb_index`
SQL: SHOW COLUMNS FROM `qcb_test` [ RunTime:0.000797s ]
SQL: SELECT * FROM `qcb_test`  [ RunTime:0.000557s ]

[ 2018-07-09T00:06:39+08:00 ] 119.136.113.30 /tp3.2/tp3.2/index.php/index
INFO: [ route_check ] --START--
INFO: CheckRoute Behavior ::run [ RunTime:0.000862s ]
INFO: [ route_check ] --END-- [ RunTime:0.001039s ]
INFO: [ app_begin ] --START--
INFO: ReadHtmlCache Behavior ::run [ RunTime:0.000603s ]
INFO: [ app_begin ] --END-- [ RunTime:0.000680s ]
SQL: SHOW COLUMNS FROM `qcb_index` [ RunTime:0.000909s ]
ERR: 1146:Table 'qdm161234405_db.qcb_index' doesn't exist
 [ SQL语句 ] : SHOW COLUMNS FROM `qcb_index`
SQL: SHOW COLUMNS FROM `qcb_test` [ RunTime:0.001018s ]
SQL: SELECT * FROM `qcb_test`  [ RunTime:0.000890s ]

[ 2018-07-09T00:08:38+08:00 ] 61.242.42.225 /tp3.2/tp3.2/index.php/if_post
INFO: [ route_check ] --START--
INFO: CheckRoute Behavior ::run [ RunTime:0.000815s ]
INFO: [ route_check ] --END-- [ RunTime:0.000965s ]
INFO: [ app_begin ] --START--
INFO: ReadHtmlCache Behavior ::run [ RunTime:0.000559s ]
INFO: [ app_begin ] --END-- [ RunTime:0.000630s ]
ERR: 无法加载模块:IfPost

[ 2018-07-09T00:08:48+08:00 ] 119.136.113.30 /tp3.2/tp3.2/index.php/index
INFO: [ route_check ] --START--
INFO: CheckRoute Behavior ::run [ RunTime:0.000793s ]
INFO: [ route_check ] --END-- [ RunTime:0.000973s ]
INFO: [ app_begin ] --START--
INFO: ReadHtmlCache Behavior ::run [ RunTime:0.000577s ]
INFO: [ app_begin ] --END-- [ RunTime:0.000648s ]
ERR: 无法加载模块:Index

[ 2018-07-09T00:08:52+08:00 ] 61.242.42.225 /tp3.2/tp3.2/index.php/index/if_post
INFO: [ route_check ] --START--
INFO: CheckRoute Behavior ::run [ RunTime:0.000841s ]
INFO: [ route_check ] --END-- [ RunTime:0.001008s ]
INFO: [ app_begin ] --START--
INFO: ReadHtmlCache Behavior ::run [ RunTime:0.000556s ]
INFO: [ app_begin ] --END-- [ RunTime:0.000626s ]
ERR: 无法加载模块:Index

[ 2018-07-09T00:09:14+08:00 ] 61.242.42.225 /tp3.2/tp3.2/index.php/index/index/if_post
INFO: [ route_check ] --START--
INFO: CheckRoute Behavior ::run [ RunTime:0.000880s ]
INFO: [ route_check ] --END-- [ RunTime:0.001102s ]
INFO: [ app_begin ] --START--
INFO: ReadHtmlCache Behavior ::run [ RunTime:0.000595s ]
INFO: [ app_begin ] --END-- [ RunTime:0.000668s ]
ERR: 无法加载模块:Index

[ 2018-07-09T00:09:29+08:00 ] 61.242.42.225 /tp3.2/tp3.2/index.php/index/index
INFO: [ route_check ] --START--
INFO: CheckRoute Behavior ::run [ RunTime:0.000833s ]
INFO: [ route_check ] --END-- [ RunTime:0.000977s ]
INFO: [ app_begin ] --START--
INFO: ReadHtmlCache Behavior ::run [ RunTime:0.000578s ]
INFO: [ app_begin ] --END-- [ RunTime:0.000648s ]
ERR: 无法加载模块:Index

[ 2018-07-09T00:09:35+08:00 ] 61.242.42.225 /tp3.2/tp3.2/index.php/index/
INFO: [ route_check ] --START--
INFO: CheckRoute Behavior ::run [ RunTime:0.000805s ]
INFO: [ route_check ] --END-- [ RunTime:0.000976s ]
INFO: [ app_begin ] --START--
INFO: ReadHtmlCache Behavior ::run [ RunTime:0.000565s ]
INFO: [ app_begin ] --END-- [ RunTime:0.000638s ]
ERR: 无法加载模块:Index

[ 2018-07-09T00:09:55+08:00 ] 61.242.42.225 /tp3.2/tp3.2/index.php/index
INFO: [ route_check ] --START--
INFO: CheckRoute Behavior ::run [ RunTime:0.000865s ]
INFO: [ route_check ] --END-- [ RunTime:0.001045s ]
INFO: [ app_begin ] --START--
INFO: ReadHtmlCache Behavior ::run [ RunTime:0.000647s ]
INFO: [ app_begin ] --END-- [ RunTime:0.000734s ]
ERR: 无法加载模块:Index

