[ 2018-07-08T23:58:51+08:00 ] 61.242.42.225 /tp3.2/tp3.2/index.php/index
INFO: [ route_check ] --START--
INFO: CheckRoute Behavior ::run [ RunTime:0.000806s ]
INFO: [ route_check ] --END-- [ RunTime:0.000982s ]
INFO: [ app_begin ] --START--
INFO: ReadHtmlCache Behavior ::run [ RunTime:0.000709s ]
INFO: [ app_begin ] --END-- [ RunTime:0.000797s ]
SQL: SHOW COLUMNS FROM `qcb_index` [ RunTime:0.000929s ]
ERR: 1146:Table 'qdm161234405_db.qcb_index' doesn't exist
 [ SQL语句 ] : SHOW COLUMNS FROM `qcb_index`
INFO: [ view_parse ] --START--
NOTIC: [8] Undefined variable: bteam_list /data/home/qxu1587640379/htdocs/tp3.2/tp3.2/home/Runtime/Cache/d046431aa157c89f3a1c30c426be003b.php 第 9 行.
NOTIC: [8] Undefined variable: list /data/home/qxu1587640379/htdocs/tp3.2/tp3.2/home/Runtime/Cache/d046431aa157c89f3a1c30c426be003b.php 第 12 行.
INFO: ParseTemplate Behavior ::run [ RunTime:0.009556s ]
INFO: [ view_parse ] --END-- [ RunTime:0.009655s ]
INFO: [ view_filter ] --START--
INFO: ContentReplace Behavior ::run [ RunTime:0.000400s ]
INFO: TokenBuild Behavior ::run [ RunTime:0.000407s ]
INFO: WriteHtmlCache Behavior ::run [ RunTime:0.000292s ]
INFO: ShowRuntime Behavior ::run [ RunTime:0.000462s ]
INFO: [ view_filter ] --END-- [ RunTime:0.001737s ]
INFO: [ view_end ] --START--
INFO: ShowPageTrace Behavior ::run [ RunTime:0.000611s ]
INFO: [ view_end ] --END-- [ RunTime:0.000674s ]

[ 2018-07-08T23:58:51+08:00 ] 61.242.42.225 /tp3.2/tp3.2/index.php/user/verify/
INFO: [ route_check ] --START--
INFO: CheckRoute Behavior ::run [ RunTime:0.000805s ]
INFO: [ route_check ] --END-- [ RunTime:0.000984s ]
INFO: [ app_begin ] --START--
INFO: ReadHtmlCache Behavior ::run [ RunTime:0.000553s ]
INFO: [ app_begin ] --END-- [ RunTime:0.000630s ]
ERR: 无法加载模块:User

[ 2018-07-08T23:59:18+08:00 ] 61.242.42.225 /tp3.2/tp3.2/index.php/index
INFO: [ route_check ] --START--
INFO: CheckRoute Behavior ::run [ RunTime:0.000863s ]
INFO: [ route_check ] --END-- [ RunTime:0.001068s ]
INFO: [ app_begin ] --START--
INFO: ReadHtmlCache Behavior ::run [ RunTime:0.000572s ]
INFO: [ app_begin ] --END-- [ RunTime:0.000643s ]
SQL: SHOW COLUMNS FROM `qcb_index` [ RunTime:0.000955s ]
ERR: 1146:Table 'qdm161234405_db.qcb_index' doesn't exist
 [ SQL语句 ] : SHOW COLUMNS FROM `qcb_index`
INFO: [ view_parse ] --START--
INFO: ParseTemplate Behavior ::run [ RunTime:0.006978s ]
INFO: [ view_parse ] --END-- [ RunTime:0.007124s ]
INFO: [ view_filter ] --START--
INFO: ContentReplace Behavior ::run [ RunTime:0.000554s ]
INFO: TokenBuild Behavior ::run [ RunTime:0.000491s ]
INFO: WriteHtmlCache Behavior ::run [ RunTime:0.000372s ]
INFO: ShowRuntime Behavior ::run [ RunTime:0.000645s ]
INFO: [ view_filter ] --END-- [ RunTime:0.002313s ]
INFO: [ view_end ] --START--
INFO: ShowPageTrace Behavior ::run [ RunTime:0.000623s ]
INFO: [ view_end ] --END-- [ RunTime:0.000692s ]

